[2021-03-06T17:50:15.389] [DEBUG] cheese - login => username:zs,password:123456
[2021-03-06T17:50:15.394] [DEBUG] cheese - zs
[2021-03-06T17:50:15.898] [DEBUG] cheese - null
[2021-03-06T17:50:15.898] [DEBUG] cheese - null
[2021-03-06T22:18:16.572] [DEBUG] cheese - login => username:zs1,password:123456789
[2021-03-06T22:18:16.573] [DEBUG] cheese - zs1
[2021-03-06T22:18:16.582] [DEBUG] cheese - null
[2021-03-06T22:18:16.583] [DEBUG] cheese - null
[2021-03-06T22:19:21.758] [DEBUG] cheese - login => username:zs1,password:123456
[2021-03-06T22:19:21.758] [DEBUG] cheese - zs1
[2021-03-06T22:19:21.760] [DEBUG] cheese - null
[2021-03-06T22:19:21.761] [DEBUG] cheese - null
[2021-03-06T22:20:27.667] [DEBUG] cheese - login => username:xsx,password:1345646
[2021-03-06T22:20:27.667] [DEBUG] cheese - xsx
[2021-03-06T22:20:27.670] [DEBUG] cheese - null
[2021-03-06T22:20:27.670] [DEBUG] cheese - null
[2021-03-06T22:38:13.125] [DEBUG] cheese - login => username:ass,password:13465798
[2021-03-06T22:38:13.125] [DEBUG] cheese - ass
[2021-03-06T22:38:13.130] [DEBUG] cheese - null
[2021-03-06T22:38:13.130] [DEBUG] cheese - null
[2021-03-06T22:38:29.746] [DEBUG] cheese - login => username:admin,password:123456
[2021-03-06T22:38:29.746] [DEBUG] cheese - admin
[2021-03-06T22:38:29.751] [DEBUG] cheese - null
[2021-03-06T22:38:29.752] [DEBUG] cheese - null
[2021-03-06T22:44:46.803] [DEBUG] cheese - login => username:admin,password:123456
[2021-03-06T22:44:46.803] [DEBUG] cheese - admin
[2021-03-06T22:44:46.806] [DEBUG] cheese - null
[2021-03-06T22:44:46.806] [DEBUG] cheese - null
[2021-03-06T22:48:53.441] [DEBUG] cheese - login => username:admin,password:123456
[2021-03-06T22:48:53.442] [DEBUG] cheese - admin
[2021-03-06T22:48:53.447] [DEBUG] cheese - null
[2021-03-06T22:48:53.447] [DEBUG] cheese - null
[2021-03-06T22:52:21.555] [DEBUG] cheese - login => username:admin,password:123456
[2021-03-06T22:52:21.555] [DEBUG] cheese - admin
[2021-03-06T22:52:21.558] [DEBUG] cheese - null
[2021-03-06T22:52:21.559] [DEBUG] cheese - null
[2021-03-06T22:52:50.628] [DEBUG] cheese - login => username:admin,password:123456
[2021-03-06T22:52:50.628] [DEBUG] cheese - admin
[2021-03-06T22:52:50.633] [DEBUG] cheese - null
[2021-03-06T22:52:50.633] [DEBUG] cheese - null
[2021-03-06T22:53:13.909] [DEBUG] cheese - login => username:admin,password:123456
[2021-03-06T22:53:13.909] [DEBUG] cheese - admin
[2021-03-06T22:53:13.912] [DEBUG] cheese - null
[2021-03-06T22:53:13.912] [DEBUG] cheese - null
[2021-03-06T22:53:35.740] [DEBUG] cheese - login => username:admin,password:123456
[2021-03-06T22:53:35.740] [DEBUG] cheese - admin
[2021-03-06T22:53:35.745] [DEBUG] cheese - null
[2021-03-06T22:53:35.745] [DEBUG] cheese - null
[2021-03-06T23:15:50.583] [DEBUG] cheese - login => username:admin,password:123456
[2021-03-06T23:15:50.583] [DEBUG] cheese - admin
[2021-03-06T23:15:50.586] [DEBUG] cheese - null
[2021-03-06T23:15:50.586] [DEBUG] cheese - null
[2021-03-06T23:18:08.862] [DEBUG] cheese - login => username:admin,password:123456
[2021-03-06T23:18:08.863] [DEBUG] cheese - admin
[2021-03-06T23:18:08.865] [DEBUG] cheese - null
[2021-03-06T23:18:08.865] [DEBUG] cheese - null
[2021-03-06T23:37:37.643] [DEBUG] cheese - login => username:admin,password:123456
[2021-03-06T23:37:37.643] [DEBUG] cheese - admin
[2021-03-06T23:37:37.647] [DEBUG] cheese - null
[2021-03-06T23:37:37.647] [DEBUG] cheese - null
[2021-03-06T23:39:55.773] [DEBUG] cheese - login => username:admin,password:123456
[2021-03-06T23:39:55.774] [DEBUG] cheese - admin
[2021-03-06T23:39:55.776] [DEBUG] cheese - null
[2021-03-06T23:39:55.776] [DEBUG] cheese - null
[2021-03-06T23:42:59.299] [DEBUG] cheese - login => username:admin,password:123456
[2021-03-06T23:42:59.299] [DEBUG] cheese - admin
[2021-03-06T23:42:59.304] [DEBUG] cheese - null
[2021-03-06T23:42:59.304] [DEBUG] cheese - null
[2021-03-06T23:46:04.941] [DEBUG] cheese - login => username:admin,password:123456
[2021-03-06T23:46:04.941] [DEBUG] cheese - admin
[2021-03-06T23:46:04.944] [DEBUG] cheese - null
[2021-03-06T23:46:04.944] [DEBUG] cheese - null
[2021-03-07T00:15:54.559] [DEBUG] cheese - login => username:admin,password:123456
[2021-03-07T00:15:54.559] [DEBUG] cheese - admin
[2021-03-07T00:15:54.562] [DEBUG] cheese - null
[2021-03-07T00:15:54.563] [DEBUG] cheese - null
[2021-03-07T00:18:40.390] [DEBUG] cheese - login => username:admin,password:123456
[2021-03-07T00:18:40.390] [DEBUG] cheese - admin
[2021-03-07T00:18:40.393] [DEBUG] cheese - null
[2021-03-07T00:18:40.393] [DEBUG] cheese - null
[2021-03-07T00:19:05.891] [DEBUG] cheese - login => username:admin,password:123456
[2021-03-07T00:19:05.891] [DEBUG] cheese - admin
[2021-03-07T00:19:05.894] [DEBUG] cheese - null
[2021-03-07T00:19:05.895] [DEBUG] cheese - null
[2021-03-07T00:24:35.503] [DEBUG] cheese - login => username:damin,password:123456
[2021-03-07T00:24:35.503] [DEBUG] cheese - damin
[2021-03-07T00:24:35.506] [DEBUG] cheese - null
[2021-03-07T00:24:35.506] [DEBUG] cheese - null
[2021-03-07T00:24:44.710] [DEBUG] cheese - login => username:admin,password:123456
[2021-03-07T00:24:44.710] [DEBUG] cheese - admin
[2021-03-07T00:24:44.712] [DEBUG] cheese - null
[2021-03-07T00:24:44.713] [DEBUG] cheese - null
[2021-03-07T00:43:54.450] [DEBUG] cheese - login => username:admin,password:123456
[2021-03-07T00:43:54.451] [DEBUG] cheese - admin
[2021-03-07T00:43:54.455] [DEBUG] cheese - null
[2021-03-07T00:43:54.455] [DEBUG] cheese - null
[2021-03-07T00:44:04.999] [DEBUG] cheese - login => username:admin,password:123456
[2021-03-07T00:44:04.999] [DEBUG] cheese - admin
[2021-03-07T00:44:05.002] [DEBUG] cheese - null
[2021-03-07T00:44:05.002] [DEBUG] cheese - null
[2021-03-07T10:47:29.674] [DEBUG] cheese - login => username:admin,password:123456
[2021-03-07T10:47:29.677] [DEBUG] cheese - admin
[2021-03-07T10:47:29.813] [DEBUG] cheese - null
[2021-03-07T10:47:29.813] [DEBUG] cheese - null
[2021-03-07T13:33:49.533] [DEBUG] cheese - login => username:admin,password:123456
[2021-03-07T13:33:49.535] [DEBUG] cheese - admin
[2021-03-07T13:33:49.673] [DEBUG] cheese - null
[2021-03-07T13:33:49.674] [DEBUG] cheese - null
[2021-03-07T13:56:36.186] [DEBUG] cheese - login => username:admin,password:123456
[2021-03-07T13:56:36.186] [DEBUG] cheese - admin
[2021-03-07T13:56:36.189] [DEBUG] cheese - null
[2021-03-07T13:56:36.189] [DEBUG] cheese - null
[2021-03-07T13:59:52.801] [DEBUG] cheese - login => username:admin,password:123456
[2021-03-07T13:59:52.801] [DEBUG] cheese - admin
[2021-03-07T13:59:52.806] [DEBUG] cheese - null
[2021-03-07T13:59:52.806] [DEBUG] cheese - null
[2021-03-07T14:01:05.404] [DEBUG] cheese - login => username:admin,password:123456
[2021-03-07T14:01:05.404] [DEBUG] cheese - admin
[2021-03-07T14:01:05.408] [DEBUG] cheese - null
[2021-03-07T14:01:05.408] [DEBUG] cheese - null
[2021-03-07T14:01:29.501] [DEBUG] cheese - login => username:admin,password:123456
[2021-03-07T14:01:29.502] [DEBUG] cheese - admin
[2021-03-07T14:01:29.504] [DEBUG] cheese - null
[2021-03-07T14:01:29.504] [DEBUG] cheese - null
[2021-03-07T14:03:29.067] [DEBUG] cheese - login => username:admin,password:123456
[2021-03-07T14:03:29.067] [DEBUG] cheese - admin
[2021-03-07T14:03:29.070] [DEBUG] cheese - null
[2021-03-07T14:03:29.070] [DEBUG] cheese - null
[2021-03-07T15:11:47.413] [DEBUG] cheese - login => username:admin,password:123456
[2021-03-07T15:11:47.414] [DEBUG] cheese - admin
[2021-03-07T15:11:47.417] [DEBUG] cheese - null
[2021-03-07T15:11:47.417] [DEBUG] cheese - null
[2021-03-07T15:17:22.415] [DEBUG] cheese - login => username:admin,password:123456
[2021-03-07T15:17:22.415] [DEBUG] cheese - admin
[2021-03-07T15:17:22.419] [DEBUG] cheese - null
[2021-03-07T15:17:22.419] [DEBUG] cheese - null
[2021-03-07T15:20:06.790] [DEBUG] cheese - login => username:admin,password:123456
[2021-03-07T15:20:06.790] [DEBUG] cheese - admin
[2021-03-07T15:20:06.793] [DEBUG] cheese - null
[2021-03-07T15:20:06.794] [DEBUG] cheese - null
[2021-03-07T15:21:24.363] [DEBUG] cheese - login => username:admin,password:123456
[2021-03-07T15:21:24.363] [DEBUG] cheese - admin
[2021-03-07T15:21:24.366] [DEBUG] cheese - null
[2021-03-07T15:21:24.366] [DEBUG] cheese - null
[2021-03-07T15:25:50.901] [DEBUG] cheese - login => username:admin,password:123456
[2021-03-07T15:25:50.901] [DEBUG] cheese - admin
[2021-03-07T15:25:50.906] [DEBUG] cheese - null
[2021-03-07T15:25:50.906] [DEBUG] cheese - null
[2021-03-07T15:26:20.895] [DEBUG] cheese - login => username:admin,password:123456
[2021-03-07T15:26:20.895] [DEBUG] cheese - admin
[2021-03-07T15:26:20.897] [DEBUG] cheese - null
[2021-03-07T15:26:20.897] [DEBUG] cheese - null
[2021-03-08T15:02:51.553] [DEBUG] cheese - login => username:admin,password:123456
[2021-03-08T15:02:51.555] [DEBUG] cheese - admin
[2021-03-08T15:02:51.569] [DEBUG] cheese - null
[2021-03-08T15:02:51.569] [DEBUG] cheese - null
